<?xml version="1.0" encoding="UTF-8"?>
<!-- Generated by org.testng.reporters.JUnitXMLReporter -->
<testsuite ignored="0" hostname="DESKTOP-3EB4RTA" failures="1" tests="2" name="Add To cart Product" time="16.771" errors="0" timestamp="2024-08-27T14:38:47 IST">
  <testcase classname="E2E.Flipcart.TestCases" name="e2e" time="16.65"/>
  <testcase classname="E2E.Flipcart.TestCases" name="selectdDropdowns" time="0.0">
    <failure type="org.testng.TestNGException" message="
Cannot inject @Test annotated Method [selectdDropdowns] with [interface org.openqa.selenium.WebDriver].
For more information on native dependency injection please refer to https://testng.org/doc/documentation-main.html#native-dependency-injection">
      <![CDATA[org.testng.TestNGException: 
Cannot inject @Test annotated Method [selectdDropdowns] with [interface org.openqa.selenium.WebDriver].
For more information on native dependency injection please refer to https://testng.org/doc/documentation-main.html#native-dependency-injection
at java.base/java.util.ArrayList.forEach(ArrayList.java:1511)
... Removed 26 stack frames]]>
    </failure>
  </testcase> <!-- selectdDropdowns -->
</testsuite> <!-- Add To cart Product -->
